# JRE version: Java(TM) SE Runtime Environment 18.9 (11.0.10+8) (build 11.0.10+8-LTS-162)
# Java VM: Java HotSpot(TM) 64-Bit Server VM 18.9 (11.0.10+8-LTS-162, mixed mode, tiered, compressed oops, g1 gc, windows-amd64)
Heap:
 garbage-first heap   total 14336K, used 3786K [0x0000000081e00000, 0x0000000100000000)
  region size 1024K, 1 young (1024K), 1 survivors (1024K)
 Metaspace       used 13747K, capacity 14098K, committed 14208K, reserved 1062912K
  class space    used 1484K, capacity 1580K, committed 1664K, reserved 1048576K
GC Heap History (10 events):
Event: 0.428 GC heap after
{Heap after GC invocations=4 (full 0):
 garbage-first heap   total 8192K, used 2285K [0x0000000081e00000, 0x0000000100000000)
  region size 1024K, 1 young (1024K), 1 survivors (1024K)
 Metaspace       used 13027K, capacity 13275K, committed 13568K, reserved 1060864K
  class space    used 1411K, capacity 1476K, committed 1536K, reserved 1048576K
}
Event: 0.460 GC heap before
{Heap before GC invocations=4 (full 0):
 garbage-first heap   total 8192K, used 3309K [0x0000000081e00000, 0x0000000100000000)
  region size 1024K, 2 young (2048K), 1 survivors (1024K)
 Metaspace       used 13272K, capacity 13538K, committed 13568K, reserved 1060864K
  class space    used 1440K, capacity 1521K, committed 1536K, reserved 1048576K
}
Event: 0.462 GC heap after
{Heap after GC invocations=5 (full 0):
 garbage-first heap   total 10240K, used 2570K [0x0000000081e00000, 0x0000000100000000)
  region size 1024K, 1 young (1024K), 1 survivors (1024K)
 Metaspace       used 13272K, capacity 13538K, committed 13568K, reserved 1060864K
  class space    used 1440K, capacity 1521K, committed 1536K, reserved 1048576K
}
Event: 0.511 GC heap before
{Heap before GC invocations=5 (full 0):
 garbage-first heap   total 10240K, used 4618K [0x0000000081e00000, 0x0000000100000000)
  region size 1024K, 3 young (3072K), 1 survivors (1024K)
 Metaspace       used 13506K, capacity 13826K, committed 13952K, reserved 1060864K
  class space    used 1466K, capacity 1575K, committed 1664K, reserved 1048576K
}
Event: 0.515 GC heap after
{Heap after GC invocations=6 (full 0):
 garbage-first heap   total 10240K, used 3325K [0x0000000081e00000, 0x0000000100000000)
  region size 1024K, 1 young (1024K), 1 survivors (1024K)
 Metaspace       used 13506K, capacity 13826K, committed 13952K, reserved 1060864K
  class space    used 1466K, capacity 1575K, committed 1664K, reserved 1048576K
}
Event: 0.536 GC heap before
{Heap before GC invocations=6 (full 0):
 garbage-first heap   total 10240K, used 5373K [0x0000000081e00000, 0x0000000100000000)
  region size 1024K, 3 young (3072K), 1 survivors (1024K)
 Metaspace       used 13561K, capacity 13890K, committed 14208K, reserved 1062912K
  class space    used 1466K, capacity 1575K, committed 1664K, reserved 1048576K
}
Event: 0.539 GC heap after
{Heap after GC invocations=7 (full 0):
 garbage-first heap   total 10240K, used 3649K [0x0000000081e00000, 0x0000000100000000)
  region size 1024K, 1 young (1024K), 1 survivors (1024K)
 Metaspace       used 13561K, capacity 13890K, committed 14208K, reserved 1062912K
  class space    used 1466K, capacity 1575K, committed 1664K, reserved 1048576K
}
Event: 0.568 GC heap before
{Heap before GC invocations=7 (full 0):
 garbage-first heap   total 10240K, used 4673K [0x0000000081e00000, 0x0000000100000000)
  region size 1024K, 2 young (2048K), 1 survivors (1024K)
 Metaspace       used 13746K, capacity 14098K, committed 14208K, reserved 1062912K
  class space    used 1484K, capacity 1580K, committed 1664K, reserved 1048576K
}
Event: 0.569 GC heap after
{Heap after GC invocations=8 (full 0):
 garbage-first heap   total 10240K, used 3706K [0x0000000081e00000, 0x0000000100000000)
  region size 1024K, 1 young (1024K), 1 survivors (1024K)
 Metaspace       used 13746K, capacity 14098K, committed 14208K, reserved 1062912K
  class space    used 1484K, capacity 1580K, committed 1664K, reserved 1048576K
}
Event: 0.570 GC heap before
{Heap before GC invocations=8 (full 0):
 garbage-first heap   total 10240K, used 4730K [0x0000000081e00000, 0x0000000100000000)
  region size 1024K, 2 young (2048K), 1 survivors (1024K)
 Metaspace       used 13747K, capacity 14098K, committed 14208K, reserved 1062912K
  class space    used 1484K, capacity 1580K, committed 1664K, reserved 1048576K
}

